2024-04-04 21:56:30.316 | DEBUG    | __main__:process_directories:24 - Source directory: E:/BaiduNetdiskDownload/王菲 无损全集 (29CD)
2024-04-04 21:56:30.317 | DEBUG    | __main__:process_directories:25 - Destination directory: E:/BaiduNetdiskDownload/王菲
2024-04-04 21:56:30.318 | DEBUG    | __main__:process_directories:26 - Dry run mode: True
2024-04-04 21:56:30.321 | DEBUG    | __main__:process_directories:31 - 
Processing directory: E:/BaiduNetdiskDownload/王菲 无损全集 (29CD)\王菲 -《LPCD45 王菲2》\王菲 -《LPCD45 王菲2》
2024-04-04 21:56:30.341 | DEBUG    | __main__:process_directories:31 - 
Processing directory: E:/BaiduNetdiskDownload/王菲 无损全集 (29CD)\王菲-《菲乐》\王菲-《菲乐》
2024-04-04 21:56:30.376 | DEBUG    | __main__:process_directories:31 - 
Processing directory: E:/BaiduNetdiskDownload/王菲 无损全集 (29CD)\王菲-阿菲正传\王菲-阿菲正传
2024-04-04 21:56:30.392 | DEBUG    | __main__:process_directories:31 - 
Processing directory: E:/BaiduNetdiskDownload/王菲 无损全集 (29CD)\王菲.-.[.89～97'.32精选.专辑. 2CD\王菲.-.[.89～97'.32精选.专辑. 2CD
2024-04-04 21:56:30.408 | DEBUG    | __main__:process_directories:31 - 
Processing directory: E:/BaiduNetdiskDownload/王菲 无损全集 (29CD)\王菲_-《Di_dar》\王菲_-《Di_dar》
2024-04-04 21:56:30.428 | DEBUG    | __main__:process_directories:31 - 
Processing directory: E:/BaiduNetdiskDownload/王菲 无损全集 (29CD)\王菲_-《Eyes-On-Me_EP》\王菲_-《Eyes-On-Me_EP》
2024-04-04 21:56:30.459 | DEBUG    | __main__:process_directories:31 - 
Processing directory: E:/BaiduNetdiskDownload/王菲 无损全集 (29CD)\王菲_-《LPCD45_王菲》\王菲_-《LPCD45_王菲》
2024-04-04 21:56:30.494 | DEBUG    | __main__:process_directories:31 - 
Processing directory: E:/BaiduNetdiskDownload/王菲 无损全集 (29CD)\王菲_-《但愿人长久_2CD》\王菲_-《但愿人长久_2CD》
2024-04-04 21:56:30.524 | DEBUG    | __main__:process_directories:31 - 
Processing directory: E:/BaiduNetdiskDownload/王菲 无损全集 (29CD)\王菲_-《十万个为什么》\王菲_-《十万个为什么》
2024-04-04 21:56:30.537 | DEBUG    | __main__:process_directories:31 - 
Processing directory: E:/BaiduNetdiskDownload/王菲 无损全集 (29CD)\王菲_-《只爱陌生人》\王菲_-《只爱陌生人》
2024-04-04 21:56:30.562 | DEBUG    | __main__:process_directories:31 - 
Processing directory: E:/BaiduNetdiskDownload/王菲 无损全集 (29CD)\王菲_-《唱游》\王菲_-《唱游》
2024-04-04 21:56:30.595 | DEBUG    | __main__:process_directories:31 - 
Processing directory: E:/BaiduNetdiskDownload/王菲 无损全集 (29CD)\王菲_-《天空_XRCD版》\王菲_-《天空_XRCD版》
2024-04-04 21:56:30.611 | DEBUG    | __main__:process_directories:31 - 
Processing directory: E:/BaiduNetdiskDownload/王菲 无损全集 (29CD)\王菲_-《天空》[日版]\王菲_-《天空》[日版]
2024-04-04 21:56:30.613 | DEBUG    | __main__:process_directories:31 - 
Processing directory: E:/BaiduNetdiskDownload/王菲 无损全集 (29CD)\王菲_-《将爱》\王菲_-《将爱》
2024-04-04 21:56:30.614 | DEBUG    | __main__:process_directories:31 - 
Processing directory: E:/BaiduNetdiskDownload/王菲 无损全集 (29CD)\王菲_-《执迷不悟》\王菲_-《执迷不悟》
2024-04-04 21:56:30.616 | DEBUG    | __main__:process_directories:31 - 
Processing directory: E:/BaiduNetdiskDownload/王菲 无损全集 (29CD)\王菲_-《最菲》\王菲_-《最菲》
2024-04-04 21:56:30.618 | DEBUG    | __main__:process_directories:31 - 
Processing directory: E:/BaiduNetdiskDownload/王菲 无损全集 (29CD)\王菲_-《浮躁》\王菲_-《浮躁》
2024-04-04 21:56:30.619 | DEBUG    | __main__:process_directories:31 - 
Processing directory: E:/BaiduNetdiskDownload/王菲 无损全集 (29CD)\王菲_-《王菲1997》\王菲_-《王菲1997》
2024-04-04 21:56:30.620 | DEBUG    | __main__:process_directories:31 - 
Processing directory: E:/BaiduNetdiskDownload/王菲 无损全集 (29CD)\王菲_-《王菲2001》\王菲_-《王菲2001》
2024-04-04 21:56:30.622 | DEBUG    | __main__:process_directories:31 - 
Processing directory: E:/BaiduNetdiskDownload/王菲 无损全集 (29CD)\王菲_-《玩具_EP》\王菲_-《玩具_EP》
2024-04-04 21:56:30.623 | DEBUG    | __main__:process_directories:31 - 
Processing directory: E:/BaiduNetdiskDownload/王菲 无损全集 (29CD)\王菲_-《菲常好听》\王菲_-《菲常好听》
2024-04-04 21:56:30.624 | DEBUG    | __main__:process_directories:31 - 
Processing directory: E:/BaiduNetdiskDownload/王菲 无损全集 (29CD)\王菲_-《菲旧梦》\王菲_-《菲旧梦》
2024-04-04 21:56:30.627 | DEBUG    | __main__:process_directories:31 - 
Processing directory: E:/BaiduNetdiskDownload/王菲 无损全集 (29CD)\王菲_-《菲靡靡之音》\王菲_-《菲靡靡之音》
2024-04-04 21:56:30.627 | DEBUG    | __main__:process_directories:31 - 
Processing directory: E:/BaiduNetdiskDownload/王菲 无损全集 (29CD)\王菲_-《菲靡靡之音》[日版]\王菲_-《菲靡靡之音》[日版]
2024-04-04 21:56:30.629 | DEBUG    | __main__:process_directories:31 - 
Processing directory: E:/BaiduNetdiskDownload/王菲 无损全集 (29CD)\王菲_-《讨好自己》\王菲_-《讨好自己》
2024-04-04 21:56:30.631 | DEBUG    | __main__:process_directories:31 - 
Processing directory: E:/BaiduNetdiskDownload/王菲 无损全集 (29CD)\王菲_-《跳不停热舞》\王菲_-《跳不停热舞》
2024-04-04 21:56:30.644 | DEBUG    | __main__:process_directories:31 - 
Processing directory: E:/BaiduNetdiskDownload/王菲 无损全集 (29CD)\王菲_-《迷》\王菲_-《迷》
2024-04-04 21:56:30.647 | DEBUG    | __main__:process_directories:31 - 
Processing directory: E:/BaiduNetdiskDownload/王菲 无损全集 (29CD)\王菲_-《迷人的卡勒》\王菲_-《迷人的卡勒》
2024-04-04 21:56:30.648 | DEBUG    | __main__:process_directories:31 - 
Processing directory: E:/BaiduNetdiskDownload/王菲 无损全集 (29CD)\王菲_-《风从哪里来》\王菲_-《风从哪里来》
