2025-07-06 14:47:23,417 INFO: Found 2749 mp4 files under D:\video
2025-07-06 14:47:54,305 WARNING: Invalid or corrupted video: D:\video\39M33S_1603769973.mp4
2025-07-06 14:47:55,205 WARNING: Invalid or corrupted video: D:\video\40M33S_1603770033.mp4
2025-07-06 14:47:56,135 WARNING: Invalid or corrupted video: D:\video\41M33S_1603770093.mp4
2025-07-06 14:47:57,069 WARNING: Invalid or corrupted video: D:\video\42M33S_1603770153.mp4
2025-07-06 14:47:57,981 WARNING: Invalid or corrupted video: D:\video\43M33S_1603770213.mp4
2025-07-06 14:47:58,893 WARNING: Invalid or corrupted video: D:\video\44M33S_1603770273.mp4
2025-07-06 14:47:59,743 WARNING: Invalid or corrupted video: D:\video\45M33S_1603770333.mp4
2025-07-06 14:48:00,641 WARNING: Invalid or corrupted video: D:\video\46M33S_1603770393.mp4
2025-07-06 14:48:01,527 WARNING: Invalid or corrupted video: D:\video\47M33S_1603770453.mp4
2025-07-06 14:48:02,417 WARNING: Invalid or corrupted video: D:\video\48M33S_1603770513.mp4
2025-07-06 14:48:03,333 WARNING: Invalid or corrupted video: D:\video\49M33S_1603770573.mp4
2025-07-06 14:48:04,235 WARNING: Invalid or corrupted video: D:\video\50M33S_1603770633.mp4
2025-07-06 14:48:05,151 WARNING: Invalid or corrupted video: D:\video\51M33S_1603770693.mp4
2025-07-06 14:48:06,098 WARNING: Invalid or corrupted video: D:\video\52M33S_1603770753.mp4
2025-07-06 14:48:12,734 INFO: 2735 valid mp4 files will be merged.
2025-07-06 14:49:07,753 INFO: Successfully merged 2735 files into D:\merged_output.mkv
2025-07-06 14:49:08,164 WARNING: Skipped corrupted or invalid files:
2025-07-06 14:49:08,164 WARNING: D:\video\39M33S_1603769973.mp4
2025-07-06 14:49:08,165 WARNING: D:\video\40M33S_1603770033.mp4
2025-07-06 14:49:08,165 WARNING: D:\video\41M33S_1603770093.mp4
2025-07-06 14:49:08,165 WARNING: D:\video\42M33S_1603770153.mp4
2025-07-06 14:49:08,166 WARNING: D:\video\43M33S_1603770213.mp4
2025-07-06 14:49:08,166 WARNING: D:\video\44M33S_1603770273.mp4
2025-07-06 14:49:08,166 WARNING: D:\video\45M33S_1603770333.mp4
2025-07-06 14:49:08,166 WARNING: D:\video\46M33S_1603770393.mp4
2025-07-06 14:49:08,167 WARNING: D:\video\47M33S_1603770453.mp4
2025-07-06 14:49:08,167 WARNING: D:\video\48M33S_1603770513.mp4
2025-07-06 14:49:08,167 WARNING: D:\video\49M33S_1603770573.mp4
2025-07-06 14:49:08,168 WARNING: D:\video\50M33S_1603770633.mp4
2025-07-06 14:49:08,168 WARNING: D:\video\51M33S_1603770693.mp4
2025-07-06 14:49:08,168 WARNING: D:\video\52M33S_1603770753.mp4
